【DEBUG】【21-07-22】【org.apache.ibatis.logging.LogFactory】Logging initialized using 'class org.apache.ibatis.logging.log4j.Log4jImpl' adapter.
【DEBUG】【21-07-22】【org.apache.ibatis.logging.LogFactory】Logging initialized using 'class org.apache.ibatis.logging.log4j.Log4jImpl' adapter.
【DEBUG】【21-07-22】【org.apache.ibatis.datasource.pooled.PooledDataSource】PooledDataSource forcefully closed/removed all connections.
【DEBUG】【21-07-22】【org.apache.ibatis.datasource.pooled.PooledDataSource】PooledDataSource forcefully closed/removed all connections.
【DEBUG】【21-07-22】【org.apache.ibatis.datasource.pooled.PooledDataSource】PooledDataSource forcefully closed/removed all connections.
【DEBUG】【21-07-22】【org.apache.ibatis.datasource.pooled.PooledDataSource】PooledDataSource forcefully closed/removed all connections.
【DEBUG】【21-07-22】【org.apache.ibatis.transaction.jdbc.JdbcTransaction】Opening JDBC Connection
【DEBUG】【21-07-22】【org.apache.ibatis.datasource.pooled.PooledDataSource】Created connection 2052457859.
【DEBUG】【21-07-22】【org.apache.ibatis.transaction.jdbc.JdbcTransaction】Setting autocommit to false on JDBC Connection [com.mysql.cj.jdbc.ConnectionImpl@7a560583]
【DEBUG】【21-07-22】【com.flywinter.dao.UserMapper.getUserList】==>  Preparing: select * from mybatis.user
【DEBUG】【21-07-22】【com.flywinter.dao.UserMapper.getUserList】==> Parameters: 
【DEBUG】【21-07-22】【com.flywinter.dao.UserMapper.getUserList】<==      Total: 4
【DEBUG】【21-07-22】【org.apache.ibatis.transaction.jdbc.JdbcTransaction】Resetting autocommit to true on JDBC Connection [com.mysql.cj.jdbc.ConnectionImpl@7a560583]
【DEBUG】【21-07-22】【org.apache.ibatis.transaction.jdbc.JdbcTransaction】Closing JDBC Connection [com.mysql.cj.jdbc.ConnectionImpl@7a560583]
【DEBUG】【21-07-22】【org.apache.ibatis.datasource.pooled.PooledDataSource】Returned connection 2052457859 to pool.
【DEBUG】【21-07-22】【org.apache.ibatis.logging.LogFactory】Logging initialized using 'class org.apache.ibatis.logging.log4j.Log4jImpl' adapter.
【DEBUG】【21-07-22】【org.apache.ibatis.logging.LogFactory】Logging initialized using 'class org.apache.ibatis.logging.log4j.Log4jImpl' adapter.
【DEBUG】【21-07-22】【org.apache.ibatis.datasource.pooled.PooledDataSource】PooledDataSource forcefully closed/removed all connections.
【DEBUG】【21-07-22】【org.apache.ibatis.datasource.pooled.PooledDataSource】PooledDataSource forcefully closed/removed all connections.
【DEBUG】【21-07-22】【org.apache.ibatis.datasource.pooled.PooledDataSource】PooledDataSource forcefully closed/removed all connections.
【DEBUG】【21-07-22】【org.apache.ibatis.datasource.pooled.PooledDataSource】PooledDataSource forcefully closed/removed all connections.
【DEBUG】【21-07-22】【org.apache.ibatis.transaction.jdbc.JdbcTransaction】Opening JDBC Connection
【DEBUG】【21-07-22】【org.apache.ibatis.logging.LogFactory】Logging initialized using 'class org.apache.ibatis.logging.log4j.Log4jImpl' adapter.
【DEBUG】【21-07-22】【org.apache.ibatis.logging.LogFactory】Logging initialized using 'class org.apache.ibatis.logging.log4j.Log4jImpl' adapter.
【DEBUG】【21-07-22】【org.apache.ibatis.datasource.pooled.PooledDataSource】PooledDataSource forcefully closed/removed all connections.
【DEBUG】【21-07-22】【org.apache.ibatis.datasource.pooled.PooledDataSource】PooledDataSource forcefully closed/removed all connections.
【DEBUG】【21-07-22】【org.apache.ibatis.datasource.pooled.PooledDataSource】PooledDataSource forcefully closed/removed all connections.
【DEBUG】【21-07-22】【org.apache.ibatis.datasource.pooled.PooledDataSource】PooledDataSource forcefully closed/removed all connections.
【DEBUG】【21-07-22】【org.apache.ibatis.transaction.jdbc.JdbcTransaction】Opening JDBC Connection
【DEBUG】【21-07-22】【org.apache.ibatis.datasource.pooled.PooledDataSource】Created connection 768776793.
【DEBUG】【21-07-22】【org.apache.ibatis.transaction.jdbc.JdbcTransaction】Setting autocommit to false on JDBC Connection [com.mysql.cj.jdbc.ConnectionImpl@2dd29a59]
【DEBUG】【21-07-22】【com.flywinter.dao.UserMapper.getUserList】==>  Preparing: select * from mybatis.user
【DEBUG】【21-07-22】【com.flywinter.dao.UserMapper.getUserList】==> Parameters: 
【DEBUG】【21-07-22】【com.flywinter.dao.UserMapper.getUserList】<==      Total: 4
【DEBUG】【21-07-22】【org.apache.ibatis.transaction.jdbc.JdbcTransaction】Resetting autocommit to true on JDBC Connection [com.mysql.cj.jdbc.ConnectionImpl@2dd29a59]
【DEBUG】【21-07-22】【org.apache.ibatis.transaction.jdbc.JdbcTransaction】Closing JDBC Connection [com.mysql.cj.jdbc.ConnectionImpl@2dd29a59]
【DEBUG】【21-07-22】【org.apache.ibatis.datasource.pooled.PooledDataSource】Returned connection 768776793 to pool.
【DEBUG】【21-07-22】【org.apache.ibatis.logging.LogFactory】Logging initialized using 'class org.apache.ibatis.logging.log4j.Log4jImpl' adapter.
【DEBUG】【21-07-22】【org.apache.ibatis.logging.LogFactory】Logging initialized using 'class org.apache.ibatis.logging.log4j.Log4jImpl' adapter.
【DEBUG】【21-07-22】【org.apache.ibatis.datasource.pooled.PooledDataSource】PooledDataSource forcefully closed/removed all connections.
【DEBUG】【21-07-22】【org.apache.ibatis.datasource.pooled.PooledDataSource】PooledDataSource forcefully closed/removed all connections.
【DEBUG】【21-07-22】【org.apache.ibatis.datasource.pooled.PooledDataSource】PooledDataSource forcefully closed/removed all connections.
【DEBUG】【21-07-22】【org.apache.ibatis.datasource.pooled.PooledDataSource】PooledDataSource forcefully closed/removed all connections.
【DEBUG】【21-07-22】【org.apache.ibatis.transaction.jdbc.JdbcTransaction】Opening JDBC Connection
【DEBUG】【21-07-22】【org.apache.ibatis.datasource.pooled.PooledDataSource】Created connection 1488946768.
【DEBUG】【21-07-22】【org.apache.ibatis.transaction.jdbc.JdbcTransaction】Setting autocommit to false on JDBC Connection [com.mysql.cj.jdbc.ConnectionImpl@58bf8650]
【DEBUG】【21-07-22】【com.flywinter.dao.UserMapper.getUserList】==>  Preparing: select * from mybatis.user
【DEBUG】【21-07-22】【com.flywinter.dao.UserMapper.getUserList】==> Parameters: 
【DEBUG】【21-07-22】【com.flywinter.dao.UserMapper.getUserList】<==      Total: 4
【DEBUG】【21-07-22】【org.apache.ibatis.transaction.jdbc.JdbcTransaction】Resetting autocommit to true on JDBC Connection [com.mysql.cj.jdbc.ConnectionImpl@58bf8650]
【DEBUG】【21-07-22】【org.apache.ibatis.transaction.jdbc.JdbcTransaction】Closing JDBC Connection [com.mysql.cj.jdbc.ConnectionImpl@58bf8650]
【DEBUG】【21-07-22】【org.apache.ibatis.datasource.pooled.PooledDataSource】Returned connection 1488946768 to pool.
