【DEBUG】【21-07-22】【org.apache.ibatis.logging.LogFactory】Logging initialized using 'class org.apache.ibatis.logging.log4j.Log4jImpl' adapter.
【DEBUG】【21-07-22】【org.apache.ibatis.logging.LogFactory】Logging initialized using 'class org.apache.ibatis.logging.log4j.Log4jImpl' adapter.
【DEBUG】【21-07-22】【org.apache.ibatis.datasource.pooled.PooledDataSource】PooledDataSource forcefully closed/removed all connections.
【DEBUG】【21-07-22】【org.apache.ibatis.datasource.pooled.PooledDataSource】PooledDataSource forcefully closed/removed all connections.
【DEBUG】【21-07-22】【org.apache.ibatis.datasource.pooled.PooledDataSource】PooledDataSource forcefully closed/removed all connections.
【DEBUG】【21-07-22】【org.apache.ibatis.datasource.pooled.PooledDataSource】PooledDataSource forcefully closed/removed all connections.
【DEBUG】【21-07-22】【org.apache.ibatis.transaction.jdbc.JdbcTransaction】Opening JDBC Connection
【DEBUG】【21-07-22】【org.apache.ibatis.datasource.pooled.PooledDataSource】Created connection 2075568954.
【DEBUG】【21-07-22】【org.apache.ibatis.transaction.jdbc.JdbcTransaction】Setting autocommit to false on JDBC Connection [com.mysql.cj.jdbc.ConnectionImpl@7bb6ab3a]
【DEBUG】【21-07-22】【com.flywinter.dao.UserMapper.getUserList】==>  Preparing: select * from mybatis.user
【DEBUG】【21-07-22】【com.flywinter.dao.UserMapper.getUserList】==> Parameters: 
【DEBUG】【21-07-22】【com.flywinter.dao.UserMapper.getUserList】<==      Total: 4
【DEBUG】【21-07-22】【org.apache.ibatis.transaction.jdbc.JdbcTransaction】Resetting autocommit to true on JDBC Connection [com.mysql.cj.jdbc.ConnectionImpl@7bb6ab3a]
【DEBUG】【21-07-22】【org.apache.ibatis.transaction.jdbc.JdbcTransaction】Closing JDBC Connection [com.mysql.cj.jdbc.ConnectionImpl@7bb6ab3a]
【DEBUG】【21-07-22】【org.apache.ibatis.datasource.pooled.PooledDataSource】Returned connection 2075568954 to pool.
【DEBUG】【21-07-22】【org.apache.ibatis.logging.LogFactory】Logging initialized using 'class org.apache.ibatis.logging.log4j.Log4jImpl' adapter.
【DEBUG】【21-07-22】【org.apache.ibatis.logging.LogFactory】Logging initialized using 'class org.apache.ibatis.logging.log4j.Log4jImpl' adapter.
【DEBUG】【21-07-22】【org.apache.ibatis.datasource.pooled.PooledDataSource】PooledDataSource forcefully closed/removed all connections.
【DEBUG】【21-07-22】【org.apache.ibatis.datasource.pooled.PooledDataSource】PooledDataSource forcefully closed/removed all connections.
【DEBUG】【21-07-22】【org.apache.ibatis.datasource.pooled.PooledDataSource】PooledDataSource forcefully closed/removed all connections.
【DEBUG】【21-07-22】【org.apache.ibatis.datasource.pooled.PooledDataSource】PooledDataSource forcefully closed/removed all connections.
【DEBUG】【21-07-22】【org.apache.ibatis.transaction.jdbc.JdbcTransaction】Opening JDBC Connection
【DEBUG】【21-07-22】【org.apache.ibatis.datasource.pooled.PooledDataSource】Created connection 2095677157.
【DEBUG】【21-07-22】【org.apache.ibatis.transaction.jdbc.JdbcTransaction】Setting autocommit to false on JDBC Connection [com.mysql.cj.jdbc.ConnectionImpl@7ce97ee5]
【DEBUG】【21-07-22】【com.flywinter.dao.UserMapper.getUserByLimit】==>  Preparing: select * from mybatis.user limit ?,?
【DEBUG】【21-07-22】【com.flywinter.dao.UserMapper.getUserByLimit】==> Parameters: 1(Integer), 2(Integer)
【DEBUG】【21-07-22】【com.flywinter.dao.UserMapper.getUserByLimit】<==      Total: 2
【DEBUG】【21-07-22】【org.apache.ibatis.transaction.jdbc.JdbcTransaction】Resetting autocommit to true on JDBC Connection [com.mysql.cj.jdbc.ConnectionImpl@7ce97ee5]
【DEBUG】【21-07-22】【org.apache.ibatis.transaction.jdbc.JdbcTransaction】Closing JDBC Connection [com.mysql.cj.jdbc.ConnectionImpl@7ce97ee5]
【DEBUG】【21-07-22】【org.apache.ibatis.datasource.pooled.PooledDataSource】Returned connection 2095677157 to pool.
【DEBUG】【21-07-22】【org.apache.ibatis.logging.LogFactory】Logging initialized using 'class org.apache.ibatis.logging.log4j.Log4jImpl' adapter.
【DEBUG】【21-07-22】【org.apache.ibatis.logging.LogFactory】Logging initialized using 'class org.apache.ibatis.logging.log4j.Log4jImpl' adapter.
【DEBUG】【21-07-22】【org.apache.ibatis.datasource.pooled.PooledDataSource】PooledDataSource forcefully closed/removed all connections.
【DEBUG】【21-07-22】【org.apache.ibatis.datasource.pooled.PooledDataSource】PooledDataSource forcefully closed/removed all connections.
【DEBUG】【21-07-22】【org.apache.ibatis.datasource.pooled.PooledDataSource】PooledDataSource forcefully closed/removed all connections.
【DEBUG】【21-07-22】【org.apache.ibatis.datasource.pooled.PooledDataSource】PooledDataSource forcefully closed/removed all connections.
【DEBUG】【21-07-22】【org.apache.ibatis.transaction.jdbc.JdbcTransaction】Opening JDBC Connection
【DEBUG】【21-07-22】【org.apache.ibatis.datasource.pooled.PooledDataSource】Created connection 1112527632.
【DEBUG】【21-07-22】【org.apache.ibatis.transaction.jdbc.JdbcTransaction】Setting autocommit to false on JDBC Connection [com.mysql.cj.jdbc.ConnectionImpl@424fd310]
【DEBUG】【21-07-22】【com.flywinter.dao.UserMapper.getUserByRowBounds】==>  Preparing: select * from mybatis.user
【DEBUG】【21-07-22】【com.flywinter.dao.UserMapper.getUserByRowBounds】==> Parameters: 
【DEBUG】【21-07-22】【org.apache.ibatis.transaction.jdbc.JdbcTransaction】Resetting autocommit to true on JDBC Connection [com.mysql.cj.jdbc.ConnectionImpl@424fd310]
【DEBUG】【21-07-22】【org.apache.ibatis.transaction.jdbc.JdbcTransaction】Closing JDBC Connection [com.mysql.cj.jdbc.ConnectionImpl@424fd310]
【DEBUG】【21-07-22】【org.apache.ibatis.datasource.pooled.PooledDataSource】Returned connection 1112527632 to pool.
